<?xml version="1.0" encoding="UTF-8"?>
<!-- Generated by org.testng.reporters.JUnitXMLReporter -->
<testsuite ignored="0" hostname="DESKTOP-GVBKGOP" failures="0" tests="3" name="Default test" time="159.818" errors="0" timestamp="2025-04-23T23:44:52 IST">
  <testcase classname="com.tests.DemoTest" name="itemsCount" time="53.666"/>
  <testcase classname="com.tests.DemoTest" name="saveProducts" time="45.347"/>
  <testcase classname="com.tests.DemoTest" name="searchItems" time="55.618"/>
</testsuite> <!-- Default test -->
