<?xml version="1.0" encoding="UTF-8"?>
<testng-results ignored="0" total="3" passed="3" failed="0" skipped="0">
  <reporter-output>
  </reporter-output>
  <suite started-at="2025-04-27T15:20:32 IST" name="ECommerceSuite" finished-at="2025-04-27T15:24:23 IST" duration-ms="231458">
    <groups>
    </groups>
    <test started-at="2025-04-27T15:20:32 IST" name="AmazonItemSelectionTest" finished-at="2025-04-27T15:24:23 IST" duration-ms="231458">
      <class name="com.tests.DemoTest">
        <test-method signature="itemsCount(java.lang.String,java.lang.String)[pri:0, instance:com.tests.DemoTest@238d68ff]" started-at="2025-04-27T15:20:33 IST" name="itemsCount" data-provider="driveTest" finished-at="2025-04-27T15:22:33 IST" duration-ms="120363" status="PASS">
          <params>
            <param index="0">
              <value>
                <![CDATA[Samsung Phones]]>
              </value>
            </param>
            <param index="1">
              <value>
                <![CDATA[All Categories]]>
              </value>
            </param>
          </params>
          <reporter-output>
          </reporter-output>
        </test-method> <!-- itemsCount -->
        <test-method is-config="true" signature="tearDown()[pri:0, instance:com.tests.DemoTest@238d68ff]" started-at="2025-04-27T15:22:33 IST" name="tearDown" finished-at="2025-04-27T15:22:34 IST" duration-ms="1468" status="PASS">
          <reporter-output>
          </reporter-output>
        </test-method> <!-- tearDown -->
        <test-method signature="saveProducts(java.lang.String,java.lang.String)[pri:0, instance:com.tests.DemoTest@238d68ff]" started-at="2025-04-27T15:22:34 IST" name="saveProducts" data-provider="driveTest" finished-at="2025-04-27T15:23:29 IST" duration-ms="54643" status="PASS">
          <params>
            <param index="0">
              <value>
                <![CDATA[Samsung Phones]]>
              </value>
            </param>
            <param index="1">
              <value>
                <![CDATA[All Categories]]>
              </value>
            </param>
          </params>
          <reporter-output>
          </reporter-output>
        </test-method> <!-- saveProducts -->
        <test-method is-config="true" signature="tearDown()[pri:0, instance:com.tests.DemoTest@238d68ff]" started-at="2025-04-27T15:23:29 IST" name="tearDown" finished-at="2025-04-27T15:23:31 IST" duration-ms="1389" status="PASS">
          <reporter-output>
          </reporter-output>
        </test-method> <!-- tearDown -->
        <test-method signature="searchItems(java.lang.String,java.lang.String)[pri:0, instance:com.tests.DemoTest@238d68ff]" started-at="2025-04-27T15:23:31 IST" name="searchItems" data-provider="driveTest" finished-at="2025-04-27T15:24:22 IST" duration-ms="51080" status="PASS">
          <params>
            <param index="0">
              <value>
                <![CDATA[Samsung Phones]]>
              </value>
            </param>
            <param index="1">
              <value>
                <![CDATA[All Categories]]>
              </value>
            </param>
          </params>
          <reporter-output>
          </reporter-output>
        </test-method> <!-- searchItems -->
        <test-method is-config="true" signature="tearDown()[pri:0, instance:com.tests.DemoTest@238d68ff]" started-at="2025-04-27T15:24:22 IST" name="tearDown" finished-at="2025-04-27T15:24:23 IST" duration-ms="1450" status="PASS">
          <reporter-output>
          </reporter-output>
        </test-method> <!-- tearDown -->
      </class> <!-- com.tests.DemoTest -->
    </test> <!-- AmazonItemSelectionTest -->
  </suite> <!-- ECommerceSuite -->
</testng-results>
