<?xml version="1.0" encoding="UTF-8"?>
<!-- Generated by org.testng.reporters.JUnitXMLReporter -->
<testsuite ignored="0" hostname="DESKTOP-GVBKGOP" failures="0" tests="3" name="AmazonItemSelectionTest" time="231.458" errors="0" timestamp="2025-04-27T15:24:23 IST">
  <testcase classname="com.tests.DemoTest" name="itemsCount" time="120.363"/>
  <testcase classname="com.tests.DemoTest" name="saveProducts" time="54.643"/>
  <testcase classname="com.tests.DemoTest" name="searchItems" time="51.08"/>
</testsuite> <!-- AmazonItemSelectionTest -->
